[2025-12-28 05:45:46,275] multiqc                                            [DEBUG  ]  No MultiQC config found: /home/saleem/miniconda3/envs/02_multiqc/lib/python2.7/site-packages/multiqc-1.0.dev0-py2.7.egg/multiqc_config.yaml
[2025-12-28 05:45:46,275] multiqc                                            [DEBUG  ]  No MultiQC config found: /home/saleem/.multiqc_config.yaml
[2025-12-28 05:45:46,275] multiqc                                            [DEBUG  ]  No MultiQC config found: multiqc_config.yaml
[2025-12-28 05:45:46,275] multiqc                                            [DEBUG  ]  Command used: /home/saleem/miniconda3/envs/02_multiqc/bin/multiqc -p -o /home/saleem/03_wgs_assembly/short_reads_only_assembly/01_qc_before_processing/multiqc/fastqc_multiqc ./
[2025-12-28 05:45:46,275] multiqc                                            [DEBUG  ]  Could not connect to multiqc.info for version check
[2025-12-28 05:45:46,275] multiqc                                            [INFO   ]  This is MultiQC v1.0.dev0
[2025-12-28 05:45:46,275] multiqc                                            [DEBUG  ]  Command     : /home/saleem/miniconda3/envs/02_multiqc/bin/multiqc -p -o /home/saleem/03_wgs_assembly/short_reads_only_assembly/01_qc_before_processing/multiqc/fastqc_multiqc ./
[2025-12-28 05:45:46,275] multiqc                                            [DEBUG  ]  Working dir : /home/saleem/03_wgs_assembly/short_reads_only_assembly/01_qc_before_processing
[2025-12-28 05:45:46,275] multiqc                                            [INFO   ]  Template    : default
[2025-12-28 05:45:46,275] multiqc                                            [INFO   ]  Searching './'
[2025-12-28 05:45:46,275] multiqc                                            [DEBUG  ]  Analysing modules: custom_content, peddy, methylQA, qualimap, preseq, quast, rseqc, busco, goleft_indexcov, snpeff, gatk, htseq, bcftools, featureCounts, picard, prokka, samblaster, samtools, bamtools, bismark, hicup, salmon, kallisto, slamdunk, star, tophat, bowtie2, bowtie1, cutadapt, trimmomatic, skewer, fastq_screen, fastqc, clusterflow
[2025-12-28 05:45:46,275] multiqc                                            [DEBUG  ]  Using temporary directory for creating report: /tmp/tmpAX0H4k
[2025-12-28 05:45:46,557] multiqc.modules.custom_content.custom_content      [DEBUG  ]  No custom content found
[2025-12-28 05:45:46,560] multiqc.modules.peddy.peddy                        [DEBUG  ]  Could not find any reports in ('./',)
[2025-12-28 05:45:46,562] multiqc.modules.methylQA.methylQA                  [DEBUG  ]  Could not find any reports in ('./',)
[2025-12-28 05:45:46,563] multiqc.modules.qualimap.QM_BamQC                  [DEBUG  ]  Using default Qualimap thresholds: 1, 5, 10, 30, 50
[2025-12-28 05:45:46,565] multiqc.modules.qualimap.qualimap                  [DEBUG  ]  Could not find any reports in ('./',)
[2025-12-28 05:45:46,571] multiqc.modules.preseq.preseq                      [DEBUG  ]  Could not find any preseq data in ('./',)
[2025-12-28 05:45:46,573] multiqc.modules.quast.quast                        [DEBUG  ]  Could not find any reports in ('./',)
[2025-12-28 05:45:46,590] multiqc.modules.rseqc.rseqc                        [DEBUG  ]  Could not find any reports in ('./',)
[2025-12-28 05:45:46,592] multiqc.modules.busco.busco                        [DEBUG  ]  Could not find any reports in ('./',)
[2025-12-28 05:45:46,594] multiqc.modules.goleft_indexcov.goleft_indexcov    [DEBUG  ]  Did not find goleft indexcov outputs in ('./',)
[2025-12-28 05:45:46,599] multiqc.modules.snpeff.snpeff                      [DEBUG  ]  Could not find any data in ('./',)
[2025-12-28 05:45:46,604] multiqc.modules.gatk.gatk                          [DEBUG  ]  Could not find any reports in ('./',)
[2025-12-28 05:45:46,608] multiqc.modules.htseq.htseq                        [DEBUG  ]  Could not find any reports in ('./',)
[2025-12-28 05:45:46,613] multiqc.modules.bcftools.bcftools                  [DEBUG  ]  Could not find any reports in ('./',)
[2025-12-28 05:45:46,615] multiqc.modules.featureCounts.feature_counts       [DEBUG  ]  Could not find any reports in ('./',)
[2025-12-28 05:45:46,650] multiqc.modules.picard.picard                      [DEBUG  ]  Could not find any reports in ('./',)
[2025-12-28 05:45:46,653] multiqc.modules.prokka.prokka                      [DEBUG  ]  Could not find any Prokka data in ('./',)
[2025-12-28 05:45:46,658] multiqc.modules.samblaster.samblaster              [DEBUG  ]  Could not find any data in ('./',)
[2025-12-28 05:45:46,669] multiqc.modules.samtools.samtools                  [DEBUG  ]  Could not find any reports in ('./',)
[2025-12-28 05:45:46,674] multiqc.modules.bamtools.bamtools                  [DEBUG  ]  Could not find any reports in ('./',)
[2025-12-28 05:45:46,677] multiqc.modules.bismark.bismark                    [DEBUG  ]  Could not find any reports in ('./',)
[2025-12-28 05:45:46,679] multiqc.modules.hicup.hicup                        [DEBUG  ]  Could not find any HiCUP data in ('./',)
[2025-12-28 05:45:46,681] multiqc.modules.salmon.salmon                      [DEBUG  ]  Could not find any Salmon data in ('./',)
[2025-12-28 05:45:46,685] multiqc.modules.kallisto.kallisto                  [DEBUG  ]  Could not find any reports in ('./',)
[2025-12-28 05:45:46,705] multiqc.modules.slamdunk.slamdunk                  [DEBUG  ]  No slamdunk reports found.
[2025-12-28 05:45:46,707] multiqc.modules.star.star                          [DEBUG  ]  Could not find any reports in ('./',)
[2025-12-28 05:45:46,709] multiqc.modules.tophat.tophat                      [DEBUG  ]  Could not find any reports in ('./',)
[2025-12-28 05:45:46,714] multiqc.modules.bowtie2.bowtie2                    [DEBUG  ]  Could not find any reports in ('./',)
[2025-12-28 05:45:46,718] multiqc.modules.bowtie1.bowtie1                    [DEBUG  ]  Could not find any reports in ('./',)
[2025-12-28 05:45:46,723] multiqc.modules.cutadapt.cutadapt                  [DEBUG  ]  Could not find any reports in ('./',)
[2025-12-28 05:45:46,727] multiqc.modules.trimmomatic.trimmomatic            [DEBUG  ]  Could not find any Trimmomatic data in ('./',)
[2025-12-28 05:45:46,731] multiqc.modules.skewer.skewer                      [DEBUG  ]  Could not find any data in ('./',)
[2025-12-28 05:45:46,733] multiqc.modules.fastq_screen.fastq_screen          [DEBUG  ]  Could not find any reports in ('./',)
[2025-12-28 05:45:46,741] multiqc.modules.fastqc.fastqc                      [DEBUG  ]  Skipping 'SRR8893090_2_fastqc.zip' as already parsed 'SRR8893090_2'
[2025-12-28 05:45:46,741] multiqc.modules.fastqc.fastqc                      [DEBUG  ]  Skipping 'SRR8893090_1_fastqc.zip' as already parsed 'SRR8893090_1'
[2025-12-28 05:45:46,741] multiqc.modules.fastqc.fastqc                      [INFO   ]  Found 2 reports
[2025-12-28 05:45:49,788] multiqc.modules.clusterflow.clusterflow            [DEBUG  ]  Could not find any reports in ('./',)
[2025-12-28 05:45:49,789] multiqc                                            [INFO   ]  Report      : multiqc/fastqc_multiqc/multiqc_report.html
[2025-12-28 05:45:49,789] multiqc                                            [INFO   ]  Data        : multiqc/fastqc_multiqc/multiqc_data
[2025-12-28 05:45:49,789] multiqc                                            [DEBUG  ]  Moving data file from '/tmp/tmpAX0H4k/multiqc_data/mqc_fastqc_per_sequence_gc_content_plot_Percentages.txt' to '/home/saleem/03_wgs_assembly/short_reads_only_assembly/01_qc_before_processing/multiqc/fastqc_multiqc/multiqc_data'
[2025-12-28 05:45:49,789] multiqc                                            [DEBUG  ]  Moving data file from '/tmp/tmpAX0H4k/multiqc_data/multiqc_sources.txt' to '/home/saleem/03_wgs_assembly/short_reads_only_assembly/01_qc_before_processing/multiqc/fastqc_multiqc/multiqc_data'
[2025-12-28 05:45:49,789] multiqc                                            [DEBUG  ]  Moving data file from '/tmp/tmpAX0H4k/multiqc_data/multiqc_general_stats.txt' to '/home/saleem/03_wgs_assembly/short_reads_only_assembly/01_qc_before_processing/multiqc/fastqc_multiqc/multiqc_data'
[2025-12-28 05:45:49,789] multiqc                                            [DEBUG  ]  Moving data file from '/tmp/tmpAX0H4k/multiqc_data/mqc_fastqc_per_base_sequence_quality_plot_1.txt' to '/home/saleem/03_wgs_assembly/short_reads_only_assembly/01_qc_before_processing/multiqc/fastqc_multiqc/multiqc_data'
[2025-12-28 05:45:49,789] multiqc                                            [DEBUG  ]  Moving data file from '/tmp/tmpAX0H4k/multiqc_data/mqc_fastqc_sequence_length_distribution_plot_1.txt' to '/home/saleem/03_wgs_assembly/short_reads_only_assembly/01_qc_before_processing/multiqc/fastqc_multiqc/multiqc_data'
[2025-12-28 05:45:49,789] multiqc                                            [DEBUG  ]  Moving data file from '/tmp/tmpAX0H4k/multiqc_data/mqc_fastqc_per_sequence_quality_scores_plot_1.txt' to '/home/saleem/03_wgs_assembly/short_reads_only_assembly/01_qc_before_processing/multiqc/fastqc_multiqc/multiqc_data'
[2025-12-28 05:45:49,789] multiqc                                            [DEBUG  ]  Moving data file from '/tmp/tmpAX0H4k/multiqc_data/mqc_fastqc_per_base_n_content_plot_1.txt' to '/home/saleem/03_wgs_assembly/short_reads_only_assembly/01_qc_before_processing/multiqc/fastqc_multiqc/multiqc_data'
[2025-12-28 05:45:49,789] multiqc                                            [DEBUG  ]  Moving data file from '/tmp/tmpAX0H4k/multiqc_data/mqc_fastqc_sequence_duplication_levels_plot_1.txt' to '/home/saleem/03_wgs_assembly/short_reads_only_assembly/01_qc_before_processing/multiqc/fastqc_multiqc/multiqc_data'
[2025-12-28 05:45:49,789] multiqc                                            [DEBUG  ]  Moving data file from '/tmp/tmpAX0H4k/multiqc_data/multiqc_fastqc.txt' to '/home/saleem/03_wgs_assembly/short_reads_only_assembly/01_qc_before_processing/multiqc/fastqc_multiqc/multiqc_data'
[2025-12-28 05:45:49,790] multiqc                                            [DEBUG  ]  Moving data file from '/tmp/tmpAX0H4k/multiqc_data/mqc_fastqc_per_sequence_gc_content_plot_Counts.txt' to '/home/saleem/03_wgs_assembly/short_reads_only_assembly/01_qc_before_processing/multiqc/fastqc_multiqc/multiqc_data'
[2025-12-28 05:45:49,790] multiqc                                            [INFO   ]  Plots       : multiqc/fastqc_multiqc/multiqc_plots
[2025-12-28 05:45:49,790] multiqc                                            [DEBUG  ]  Moving plots directory from '/tmp/tmpAX0H4k/multiqc_plots/png' to '/home/saleem/03_wgs_assembly/short_reads_only_assembly/01_qc_before_processing/multiqc/fastqc_multiqc/multiqc_plots'
[2025-12-28 05:45:49,790] multiqc                                            [DEBUG  ]  Moving plots directory from '/tmp/tmpAX0H4k/multiqc_plots/pdf' to '/home/saleem/03_wgs_assembly/short_reads_only_assembly/01_qc_before_processing/multiqc/fastqc_multiqc/multiqc_plots'
[2025-12-28 05:45:49,791] multiqc                                            [DEBUG  ]  Moving plots directory from '/tmp/tmpAX0H4k/multiqc_plots/svg' to '/home/saleem/03_wgs_assembly/short_reads_only_assembly/01_qc_before_processing/multiqc/fastqc_multiqc/multiqc_plots'
[2025-12-28 05:45:49,851] multiqc                                            [INFO   ]  MultiQC complete
